\BOOKMARK [0][-]{chapter.1}{\376\377\0001\000\040\000H\000i\000e\000r\000a\000r\000c\000h\000i\000c\000a\000l\000\040\000I\000n\000d\000e\000x}{}% 1
\BOOKMARK [1][-]{section.1.1}{\376\377\0001\000.\0001\000\040\000C\000l\000a\000s\000s\000\040\000H\000i\000e\000r\000a\000r\000c\000h\000y}{chapter.1}% 2
\BOOKMARK [0][-]{chapter.2}{\376\377\0002\000\040\000C\000l\000a\000s\000s\000\040\000I\000n\000d\000e\000x}{}% 3
\BOOKMARK [1][-]{section.2.1}{\376\377\0002\000.\0001\000\040\000C\000l\000a\000s\000s\000\040\000L\000i\000s\000t}{chapter.2}% 4
\BOOKMARK [0][-]{chapter.3}{\376\377\0003\000\040\000C\000l\000a\000s\000s\000\040\000D\000o\000c\000u\000m\000e\000n\000t\000a\000t\000i\000o\000n}{}% 5
\BOOKMARK [1][-]{section.3.1}{\376\377\0003\000.\0001\000\040\000c\000o\000d\000e\000\137\000g\000e\000n\000e\000r\000a\000t\000o\000r\000.\000A\000d\000d\000A\000r\000g\000u\000m\000e\000n\000t\000s\000\040\000C\000l\000a\000s\000s\000\040\000R\000e\000f\000e\000r\000e\000n\000c\000e}{chapter.3}% 6
\BOOKMARK [2][-]{subsection.3.1.1}{\376\377\0003\000.\0001\000.\0001\000\040\000D\000e\000t\000a\000i\000l\000e\000d\000\040\000D\000e\000s\000c\000r\000i\000p\000t\000i\000o\000n}{section.3.1}% 7
\BOOKMARK [1][-]{section.3.2}{\376\377\0003\000.\0002\000\040\000p\000y\000a\000r\000g\000w\000r\000i\000t\000e\000r\000.\000p\000r\000o\000c\000e\000s\000s\000.\000A\000r\000g\000P\000a\000r\000s\000e\000W\000r\000i\000t\000e\000r\000\040\000C\000l\000a\000s\000s\000\040\000R\000e\000f\000e\000r\000e\000n\000c\000e}{chapter.3}% 8
\BOOKMARK [1][-]{section.3.3}{\376\377\0003\000.\0003\000\040\000s\000t\000r\000u\000c\000t\000u\000r\000e\000s\000.\000A\000r\000g\000u\000m\000e\000n\000t\000S\000t\000r\000u\000c\000t\000u\000r\000e\000\040\000C\000l\000a\000s\000s\000\040\000R\000e\000f\000e\000r\000e\000n\000c\000e}{chapter.3}% 9
\BOOKMARK [2][-]{subsection.3.3.1}{\376\377\0003\000.\0003\000.\0001\000\040\000M\000e\000m\000b\000e\000r\000\040\000F\000u\000n\000c\000t\000i\000o\000n\000\040\000D\000o\000c\000u\000m\000e\000n\000t\000a\000t\000i\000o\000n}{section.3.3}% 10
\BOOKMARK [3][-]{subsubsection.3.3.1.1}{\376\377\0003\000.\0003\000.\0001\000.\0001\000\040\000f\000r\000o\000m\000\137\000d\000i\000c\000t\000\050\000\051}{subsection.3.3.1}% 11
\BOOKMARK [3][-]{subsubsection.3.3.1.2}{\376\377\0003\000.\0003\000.\0001\000.\0002\000\040\000t\000o\000\137\000d\000i\000c\000t\000\050\000\051}{subsection.3.3.1}% 12
\BOOKMARK [1][-]{section.3.4}{\376\377\0003\000.\0004\000\040\000f\000o\000r\000m\000a\000t\000t\000e\000r\000.\000B\000l\000a\000c\000k\000F\000o\000r\000m\000a\000t\000t\000e\000r\000\040\000C\000l\000a\000s\000s\000\040\000R\000e\000f\000e\000r\000e\000n\000c\000e}{chapter.3}% 13
\BOOKMARK [2][-]{subsection.3.4.1}{\376\377\0003\000.\0004\000.\0001\000\040\000D\000e\000t\000a\000i\000l\000e\000d\000\040\000D\000e\000s\000c\000r\000i\000p\000t\000i\000o\000n}{section.3.4}% 14
\BOOKMARK [1][-]{section.3.5}{\376\377\0003\000.\0005\000\040\000c\000o\000d\000e\000\137\000a\000b\000s\000t\000r\000a\000c\000t\000s\000.\000C\000o\000d\000e\000\040\000C\000l\000a\000s\000s\000\040\000R\000e\000f\000e\000r\000e\000n\000c\000e}{chapter.3}% 15
\BOOKMARK [2][-]{subsection.3.5.1}{\376\377\0003\000.\0005\000.\0001\000\040\000D\000e\000t\000a\000i\000l\000e\000d\000\040\000D\000e\000s\000c\000r\000i\000p\000t\000i\000o\000n}{section.3.5}% 16
\BOOKMARK [2][-]{subsection.3.5.2}{\376\377\0003\000.\0005\000.\0002\000\040\000M\000e\000m\000b\000e\000r\000\040\000F\000u\000n\000c\000t\000i\000o\000n\000\040\000D\000o\000c\000u\000m\000e\000n\000t\000a\000t\000i\000o\000n}{section.3.5}% 17
\BOOKMARK [3][-]{subsubsection.3.5.2.1}{\376\377\0003\000.\0005\000.\0002\000.\0001\000\040\000a\000p\000p\000e\000n\000d\000\050\000\051}{subsection.3.5.2}% 18
\BOOKMARK [3][-]{subsubsection.3.5.2.2}{\376\377\0003\000.\0005\000.\0002\000.\0002\000\040\000f\000i\000l\000e\000\050\000\051}{subsection.3.5.2}% 19
\BOOKMARK [3][-]{subsubsection.3.5.2.3}{\376\377\0003\000.\0005\000.\0002\000.\0003\000\040\000f\000r\000o\000m\000\137\000l\000i\000n\000e\000s\000\137\000o\000f\000\137\000c\000o\000d\000e\000\050\000\051}{subsection.3.5.2}% 20
\BOOKMARK [3][-]{subsubsection.3.5.2.4}{\376\377\0003\000.\0005\000.\0002\000.\0004\000\040\000f\000r\000o\000m\000\137\000s\000t\000r\000\050\000\051}{subsection.3.5.2}% 21
\BOOKMARK [3][-]{subsubsection.3.5.2.5}{\376\377\0003\000.\0005\000.\0002\000.\0005\000\040\000i\000n\000s\000e\000r\000t\000\050\000\051}{subsection.3.5.2}% 22
\BOOKMARK [3][-]{subsubsection.3.5.2.6}{\376\377\0003\000.\0005\000.\0002\000.\0006\000\040\000s\000e\000t\000\137\000t\000a\000b\000\137\000l\000e\000v\000e\000l\000\050\000\051}{subsection.3.5.2}% 23
\BOOKMARK [3][-]{subsubsection.3.5.2.7}{\376\377\0003\000.\0005\000.\0002\000.\0007\000\040\000w\000r\000i\000t\000e\000\050\000\051}{subsection.3.5.2}% 24
\BOOKMARK [3][-]{subsubsection.3.5.2.8}{\376\377\0003\000.\0005\000.\0002\000.\0008\000\040\000w\000r\000i\000t\000e\000\137\000f\000o\000r\000c\000e\000\050\000\051}{subsection.3.5.2}% 25
\BOOKMARK [1][-]{section.3.6}{\376\377\0003\000.\0006\000\040\000c\000o\000d\000e\000\137\000g\000e\000n\000e\000r\000a\000t\000o\000r\000.\000C\000o\000d\000e\000G\000e\000n\000e\000r\000a\000t\000o\000r\000\040\000C\000l\000a\000s\000s\000\040\000R\000e\000f\000e\000r\000e\000n\000c\000e}{chapter.3}% 26
\BOOKMARK [2][-]{subsection.3.6.1}{\376\377\0003\000.\0006\000.\0001\000\040\000D\000e\000t\000a\000i\000l\000e\000d\000\040\000D\000e\000s\000c\000r\000i\000p\000t\000i\000o\000n}{section.3.6}% 27
\BOOKMARK [2][-]{subsection.3.6.2}{\376\377\0003\000.\0006\000.\0002\000\040\000M\000e\000m\000b\000e\000r\000\040\000F\000u\000n\000c\000t\000i\000o\000n\000\040\000D\000o\000c\000u\000m\000e\000n\000t\000a\000t\000i\000o\000n}{section.3.6}% 28
\BOOKMARK [3][-]{subsubsection.3.6.2.1}{\376\377\0003\000.\0006\000.\0002\000.\0001\000\040\000f\000r\000o\000m\000\137\000d\000i\000c\000t\000\050\000\051}{subsection.3.6.2}% 29
\BOOKMARK [3][-]{subsubsection.3.6.2.2}{\376\377\0003\000.\0006\000.\0002\000.\0002\000\040\000f\000r\000o\000m\000\137\000j\000s\000o\000n\000\050\000\051}{subsection.3.6.2}% 30
\BOOKMARK [3][-]{subsubsection.3.6.2.3}{\376\377\0003\000.\0006\000.\0002\000.\0003\000\040\000f\000r\000o\000m\000\137\000y\000a\000m\000l\000\050\000\051}{subsection.3.6.2}% 31
\BOOKMARK [3][-]{subsubsection.3.6.2.4}{\376\377\0003\000.\0006\000.\0002\000.\0004\000\040\000w\000r\000i\000t\000e\000\050\000\051}{subsection.3.6.2}% 32
\BOOKMARK [1][-]{section.3.7}{\376\377\0003\000.\0007\000\040\000c\000o\000d\000e\000\137\000p\000a\000r\000s\000e\000r\000.\000C\000o\000d\000e\000P\000a\000r\000s\000e\000r\000\040\000C\000l\000a\000s\000s\000\040\000R\000e\000f\000e\000r\000e\000n\000c\000e}{chapter.3}% 33
\BOOKMARK [2][-]{subsection.3.7.1}{\376\377\0003\000.\0007\000.\0001\000\040\000D\000e\000t\000a\000i\000l\000e\000d\000\040\000D\000e\000s\000c\000r\000i\000p\000t\000i\000o\000n}{section.3.7}% 34
\BOOKMARK [2][-]{subsection.3.7.2}{\376\377\0003\000.\0007\000.\0002\000\040\000M\000e\000m\000b\000e\000r\000\040\000F\000u\000n\000c\000t\000i\000o\000n\000\040\000D\000o\000c\000u\000m\000e\000n\000t\000a\000t\000i\000o\000n}{section.3.7}% 35
\BOOKMARK [3][-]{subsubsection.3.7.2.1}{\376\377\0003\000.\0007\000.\0002\000.\0001\000\040\000\137\000\137\000r\000e\000p\000r\000\137\000\137\000\050\000\051}{subsection.3.7.2}% 36
\BOOKMARK [3][-]{subsubsection.3.7.2.2}{\376\377\0003\000.\0007\000.\0002\000.\0002\000\040\000m\000o\000d\000u\000l\000e\000\137\000s\000e\000r\000i\000a\000l\000i\000z\000e\000d\000\050\000\051}{subsection.3.7.2}% 37
\BOOKMARK [3][-]{subsubsection.3.7.2.3}{\376\377\0003\000.\0007\000.\0002\000.\0003\000\040\000p\000a\000r\000s\000e\000\137\000t\000r\000e\000e\000\050\000\051}{subsection.3.7.2}% 38
\BOOKMARK [3][-]{subsubsection.3.7.2.4}{\376\377\0003\000.\0007\000.\0002\000.\0004\000\040\000w\000r\000i\000t\000e\000\050\000\051}{subsection.3.7.2}% 39
\BOOKMARK [1][-]{section.3.8}{\376\377\0003\000.\0008\000\040\000s\000t\000r\000u\000c\000t\000u\000r\000e\000s\000.\000C\000o\000m\000m\000a\000n\000d\000S\000t\000r\000u\000c\000t\000u\000r\000e\000\040\000C\000l\000a\000s\000s\000\040\000R\000e\000f\000e\000r\000e\000n\000c\000e}{chapter.3}% 40
\BOOKMARK [2][-]{subsection.3.8.1}{\376\377\0003\000.\0008\000.\0001\000\040\000D\000e\000t\000a\000i\000l\000e\000d\000\040\000D\000e\000s\000c\000r\000i\000p\000t\000i\000o\000n}{section.3.8}% 41
\BOOKMARK [2][-]{subsection.3.8.2}{\376\377\0003\000.\0008\000.\0002\000\040\000M\000e\000m\000b\000e\000r\000\040\000F\000u\000n\000c\000t\000i\000o\000n\000\040\000D\000o\000c\000u\000m\000e\000n\000t\000a\000t\000i\000o\000n}{section.3.8}% 42
\BOOKMARK [3][-]{subsubsection.3.8.2.1}{\376\377\0003\000.\0008\000.\0002\000.\0001\000\040\000\137\000\137\000l\000e\000n\000\137\000\137\000\050\000\051}{subsection.3.8.2}% 43
\BOOKMARK [3][-]{subsubsection.3.8.2.2}{\376\377\0003\000.\0008\000.\0002\000.\0002\000\040\000f\000r\000o\000m\000\137\000d\000i\000c\000t\000\050\000\051}{subsection.3.8.2}% 44
\BOOKMARK [3][-]{subsubsection.3.8.2.3}{\376\377\0003\000.\0008\000.\0002\000.\0003\000\040\000t\000o\000\137\000d\000i\000c\000t\000\050\000\051}{subsection.3.8.2}% 45
\BOOKMARK [1][-]{section.3.9}{\376\377\0003\000.\0009\000\040\000f\000o\000r\000m\000a\000t\000t\000e\000r\000.\000F\000o\000r\000m\000a\000t\000t\000e\000r\000\040\000C\000l\000a\000s\000s\000\040\000R\000e\000f\000e\000r\000e\000n\000c\000e}{chapter.3}% 46
\BOOKMARK [2][-]{subsection.3.9.1}{\376\377\0003\000.\0009\000.\0001\000\040\000D\000e\000t\000a\000i\000l\000e\000d\000\040\000D\000e\000s\000c\000r\000i\000p\000t\000i\000o\000n}{section.3.9}% 47
\BOOKMARK [2][-]{subsection.3.9.2}{\376\377\0003\000.\0009\000.\0002\000\040\000M\000e\000m\000b\000e\000r\000\040\000F\000u\000n\000c\000t\000i\000o\000n\000\040\000D\000o\000c\000u\000m\000e\000n\000t\000a\000t\000i\000o\000n}{section.3.9}% 48
\BOOKMARK [3][-]{subsubsection.3.9.2.1}{\376\377\0003\000.\0009\000.\0002\000.\0001\000\040\000f\000o\000r\000m\000a\000t\000\050\000\051}{subsection.3.9.2}% 49
\BOOKMARK [1][-]{section.3.10}{\376\377\0003\000.\0001\0000\000\040\000c\000o\000d\000e\000\137\000a\000b\000s\000t\000r\000a\000c\000t\000s\000.\000F\000u\000n\000c\000t\000i\000o\000n\000\040\000C\000l\000a\000s\000s\000\040\000R\000e\000f\000e\000r\000e\000n\000c\000e}{chapter.3}% 50
\BOOKMARK [2][-]{subsection.3.10.1}{\376\377\0003\000.\0001\0000\000.\0001\000\040\000D\000e\000t\000a\000i\000l\000e\000d\000\040\000D\000e\000s\000c\000r\000i\000p\000t\000i\000o\000n}{section.3.10}% 51
\BOOKMARK [1][-]{section.3.11}{\376\377\0003\000.\0001\0001\000\040\000p\000y\000a\000r\000g\000w\000r\000i\000t\000e\000r\000.\000I\000n\000s\000t\000a\000n\000c\000e\000s\000\040\000C\000l\000a\000s\000s\000\040\000R\000e\000f\000e\000r\000e\000n\000c\000e}{chapter.3}% 52
\BOOKMARK [1][-]{section.3.12}{\376\377\0003\000.\0001\0002\000\040\000c\000o\000d\000e\000\137\000a\000b\000s\000t\000r\000a\000c\000t\000s\000.\000L\000i\000n\000e\000O\000f\000C\000o\000d\000e\000\040\000C\000l\000a\000s\000s\000\040\000R\000e\000f\000e\000r\000e\000n\000c\000e}{chapter.3}% 53
\BOOKMARK [2][-]{subsection.3.12.1}{\376\377\0003\000.\0001\0002\000.\0001\000\040\000D\000e\000t\000a\000i\000l\000e\000d\000\040\000D\000e\000s\000c\000r\000i\000p\000t\000i\000o\000n}{section.3.12}% 54
\BOOKMARK [2][-]{subsection.3.12.2}{\376\377\0003\000.\0001\0002\000.\0002\000\040\000M\000e\000m\000b\000e\000r\000\040\000F\000u\000n\000c\000t\000i\000o\000n\000\040\000D\000o\000c\000u\000m\000e\000n\000t\000a\000t\000i\000o\000n}{section.3.12}% 55
\BOOKMARK [3][-]{subsubsection.3.12.2.1}{\376\377\0003\000.\0001\0002\000.\0002\000.\0001\000\040\000c\000o\000n\000t\000e\000n\000t\000\050\000\051}{subsection.3.12.2}% 56
\BOOKMARK [3][-]{subsubsection.3.12.2.2}{\376\377\0003\000.\0001\0002\000.\0002\000.\0002\000\040\000t\000a\000b\000\137\000l\000e\000v\000e\000l\000\050\000\051}{subsection.3.12.2}% 57
\BOOKMARK [1][-]{section.3.13}{\376\377\0003\000.\0001\0003\000\040\000c\000o\000d\000e\000\137\000g\000e\000n\000e\000r\000a\000t\000o\000r\000.\000M\000a\000i\000n\000C\000a\000l\000l\000e\000r\000\040\000C\000l\000a\000s\000s\000\040\000R\000e\000f\000e\000r\000e\000n\000c\000e}{chapter.3}% 58
\BOOKMARK [2][-]{subsection.3.13.1}{\376\377\0003\000.\0001\0003\000.\0001\000\040\000D\000e\000t\000a\000i\000l\000e\000d\000\040\000D\000e\000s\000c\000r\000i\000p\000t\000i\000o\000n}{section.3.13}% 59
\BOOKMARK [1][-]{section.3.14}{\376\377\0003\000.\0001\0004\000\040\000c\000o\000d\000e\000\137\000g\000e\000n\000e\000r\000a\000t\000o\000r\000.\000M\000a\000i\000n\000F\000u\000n\000c\000\040\000C\000l\000a\000s\000s\000\040\000R\000e\000f\000e\000r\000e\000n\000c\000e}{chapter.3}% 60
\BOOKMARK [2][-]{subsection.3.14.1}{\376\377\0003\000.\0001\0004\000.\0001\000\040\000D\000e\000t\000a\000i\000l\000e\000d\000\040\000D\000e\000s\000c\000r\000i\000p\000t\000i\000o\000n}{section.3.14}% 61
\BOOKMARK [2][-]{subsection.3.14.2}{\376\377\0003\000.\0001\0004\000.\0002\000\040\000C\000o\000n\000s\000t\000r\000u\000c\000t\000o\000r\000\040\000\046\000\040\000D\000e\000s\000t\000r\000u\000c\000t\000o\000r\000\040\000D\000o\000c\000u\000m\000e\000n\000t\000a\000t\000i\000o\000n}{section.3.14}% 62
\BOOKMARK [3][-]{subsubsection.3.14.2.1}{\376\377\0003\000.\0001\0004\000.\0002\000.\0001\000\040\000\137\000\137\000i\000n\000i\000t\000\137\000\137\000\050\000\051}{subsection.3.14.2}% 63
\BOOKMARK [2][-]{subsection.3.14.3}{\376\377\0003\000.\0001\0004\000.\0003\000\040\000M\000e\000m\000b\000e\000r\000\040\000F\000u\000n\000c\000t\000i\000o\000n\000\040\000D\000o\000c\000u\000m\000e\000n\000t\000a\000t\000i\000o\000n}{section.3.14}% 64
\BOOKMARK [3][-]{subsubsection.3.14.3.1}{\376\377\0003\000.\0001\0004\000.\0003\000.\0001\000\040\000g\000e\000n\000e\000r\000a\000t\000e\000\137\000c\000o\000d\000e\000\050\000\051}{subsection.3.14.3}% 65
\BOOKMARK [1][-]{section.3.15}{\376\377\0003\000.\0001\0005\000\040\000c\000o\000d\000e\000\137\000a\000b\000s\000t\000r\000a\000c\000t\000s\000.\000M\000a\000t\000c\000h\000\040\000C\000l\000a\000s\000s\000\040\000R\000e\000f\000e\000r\000e\000n\000c\000e}{chapter.3}% 66
\BOOKMARK [2][-]{subsection.3.15.1}{\376\377\0003\000.\0001\0005\000.\0001\000\040\000D\000e\000t\000a\000i\000l\000e\000d\000\040\000D\000e\000s\000c\000r\000i\000p\000t\000i\000o\000n}{section.3.15}% 67
\BOOKMARK [1][-]{section.3.16}{\376\377\0003\000.\0001\0006\000\040\000c\000o\000d\000e\000\137\000a\000b\000s\000t\000r\000a\000c\000t\000s\000.\000M\000a\000t\000c\000h\000C\000a\000s\000e\000\040\000C\000l\000a\000s\000s\000\040\000R\000e\000f\000e\000r\000e\000n\000c\000e}{chapter.3}% 68
\BOOKMARK [2][-]{subsection.3.16.1}{\376\377\0003\000.\0001\0006\000.\0001\000\040\000D\000e\000t\000a\000i\000l\000e\000d\000\040\000D\000e\000s\000c\000r\000i\000p\000t\000i\000o\000n}{section.3.16}% 69
\BOOKMARK [1][-]{section.3.17}{\376\377\0003\000.\0001\0007\000\040\000s\000t\000r\000u\000c\000t\000u\000r\000e\000s\000.\000M\000o\000d\000u\000l\000e\000S\000t\000r\000u\000c\000t\000u\000r\000e\000\040\000C\000l\000a\000s\000s\000\040\000R\000e\000f\000e\000r\000e\000n\000c\000e}{chapter.3}% 70
\BOOKMARK [2][-]{subsection.3.17.1}{\376\377\0003\000.\0001\0007\000.\0001\000\040\000D\000e\000t\000a\000i\000l\000e\000d\000\040\000D\000e\000s\000c\000r\000i\000p\000t\000i\000o\000n}{section.3.17}% 71
\BOOKMARK [2][-]{subsection.3.17.2}{\376\377\0003\000.\0001\0007\000.\0002\000\040\000M\000e\000m\000b\000e\000r\000\040\000F\000u\000n\000c\000t\000i\000o\000n\000\040\000D\000o\000c\000u\000m\000e\000n\000t\000a\000t\000i\000o\000n}{section.3.17}% 72
\BOOKMARK [3][-]{subsubsection.3.17.2.1}{\376\377\0003\000.\0001\0007\000.\0002\000.\0001\000\040\000\137\000\137\000l\000e\000n\000\137\000\137\000\050\000\051}{subsection.3.17.2}% 73
\BOOKMARK [3][-]{subsubsection.3.17.2.2}{\376\377\0003\000.\0001\0007\000.\0002\000.\0002\000\040\000a\000d\000d\000\137\000a\000r\000g\000s\000\050\000\051}{subsection.3.17.2}% 74
\BOOKMARK [3][-]{subsubsection.3.17.2.3}{\376\377\0003\000.\0001\0007\000.\0002\000.\0003\000\040\000f\000r\000o\000m\000\137\000d\000i\000c\000t\000\050\000\051}{subsection.3.17.2}% 75
\BOOKMARK [3][-]{subsubsection.3.17.2.4}{\376\377\0003\000.\0001\0007\000.\0002\000.\0004\000\040\000t\000o\000\137\000d\000i\000c\000t\000\050\000\051}{subsection.3.17.2}% 76
\BOOKMARK [1][-]{section.3.18}{\376\377\0003\000.\0001\0008\000\040\000s\000t\000r\000u\000c\000t\000u\000r\000e\000s\000.\000M\000o\000d\000u\000l\000e\000S\000t\000r\000u\000c\000t\000u\000r\000e\000s\000\040\000C\000l\000a\000s\000s\000\040\000R\000e\000f\000e\000r\000e\000n\000c\000e}{chapter.3}% 77
\BOOKMARK [2][-]{subsection.3.18.1}{\376\377\0003\000.\0001\0008\000.\0001\000\040\000D\000e\000t\000a\000i\000l\000e\000d\000\040\000D\000e\000s\000c\000r\000i\000p\000t\000i\000o\000n}{section.3.18}% 78
\BOOKMARK [2][-]{subsection.3.18.2}{\376\377\0003\000.\0001\0008\000.\0002\000\040\000M\000e\000m\000b\000e\000r\000\040\000F\000u\000n\000c\000t\000i\000o\000n\000\040\000D\000o\000c\000u\000m\000e\000n\000t\000a\000t\000i\000o\000n}{section.3.18}% 79
\BOOKMARK [3][-]{subsubsection.3.18.2.1}{\376\377\0003\000.\0001\0008\000.\0002\000.\0001\000\040\000\137\000\137\000l\000e\000n\000\137\000\137\000\050\000\051}{subsection.3.18.2}% 80
\BOOKMARK [3][-]{subsubsection.3.18.2.2}{\376\377\0003\000.\0001\0008\000.\0002\000.\0002\000\040\000f\000r\000o\000m\000\137\000d\000i\000c\000t\000\050\000\051}{subsection.3.18.2}% 81
\BOOKMARK [3][-]{subsubsection.3.18.2.3}{\376\377\0003\000.\0001\0008\000.\0002\000.\0003\000\040\000l\000o\000c\000a\000t\000i\000o\000n\000s\000\050\000\051}{subsection.3.18.2}% 82
\BOOKMARK [3][-]{subsubsection.3.18.2.4}{\376\377\0003\000.\0001\0008\000.\0002\000.\0004\000\040\000t\000o\000\137\000d\000i\000c\000t\000\050\000\051}{subsection.3.18.2}% 83
\BOOKMARK [1][-]{section.3.19}{\376\377\0003\000.\0001\0009\000\040\000c\000o\000d\000e\000\137\000g\000e\000n\000e\000r\000a\000t\000o\000r\000.\000S\000e\000t\000u\000p\000C\000o\000m\000m\000a\000n\000d\000P\000a\000r\000s\000e\000r\000\040\000C\000l\000a\000s\000s\000\040\000R\000e\000f\000e\000r\000e\000n\000c\000e}{chapter.3}% 84
\BOOKMARK [2][-]{subsection.3.19.1}{\376\377\0003\000.\0001\0009\000.\0001\000\040\000D\000e\000t\000a\000i\000l\000e\000d\000\040\000D\000e\000s\000c\000r\000i\000p\000t\000i\000o\000n}{section.3.19}% 85
\BOOKMARK [2][-]{subsection.3.19.2}{\376\377\0003\000.\0001\0009\000.\0002\000\040\000M\000e\000m\000b\000e\000r\000\040\000F\000u\000n\000c\000t\000i\000o\000n\000\040\000D\000o\000c\000u\000m\000e\000n\000t\000a\000t\000i\000o\000n}{section.3.19}% 86
\BOOKMARK [3][-]{subsubsection.3.19.2.1}{\376\377\0003\000.\0001\0009\000.\0002\000.\0001\000\040\000g\000e\000n\000e\000r\000a\000t\000e\000\137\000c\000o\000d\000e\000\050\000\051}{subsection.3.19.2}% 87
\BOOKMARK [1][-]{section.3.20}{\376\377\0003\000.\0002\0000\000\040\000c\000o\000d\000e\000\137\000g\000e\000n\000e\000r\000a\000t\000o\000r\000.\000S\000e\000t\000u\000p\000P\000a\000r\000s\000e\000r\000\040\000C\000l\000a\000s\000s\000\040\000R\000e\000f\000e\000r\000e\000n\000c\000e}{chapter.3}% 88
\BOOKMARK [2][-]{subsection.3.20.1}{\376\377\0003\000.\0002\0000\000.\0001\000\040\000D\000e\000t\000a\000i\000l\000e\000d\000\040\000D\000e\000s\000c\000r\000i\000p\000t\000i\000o\000n}{section.3.20}% 89
\BOOKMARK [2][-]{subsection.3.20.2}{\376\377\0003\000.\0002\0000\000.\0002\000\040\000M\000e\000m\000b\000e\000r\000\040\000F\000u\000n\000c\000t\000i\000o\000n\000\040\000D\000o\000c\000u\000m\000e\000n\000t\000a\000t\000i\000o\000n}{section.3.20}% 90
\BOOKMARK [3][-]{subsubsection.3.20.2.1}{\376\377\0003\000.\0002\0000\000.\0002\000.\0001\000\040\000f\000r\000o\000m\000\137\000j\000s\000o\000n\000\050\000\051}{subsection.3.20.2}% 91
\BOOKMARK [3][-]{subsubsection.3.20.2.2}{\376\377\0003\000.\0002\0000\000.\0002\000.\0002\000\040\000f\000r\000o\000m\000\137\000y\000a\000m\000l\000\050\000\051}{subsection.3.20.2}% 92
\BOOKMARK [3][-]{subsubsection.3.20.2.3}{\376\377\0003\000.\0002\0000\000.\0002\000.\0003\000\040\000g\000e\000n\000e\000r\000a\000t\000e\000\137\000c\000o\000d\000e\000\050\000\051}{subsection.3.20.2}% 93
\BOOKMARK [1][-]{section.3.21}{\376\377\0003\000.\0002\0001\000\040\000s\000t\000r\000u\000c\000t\000u\000r\000e\000s\000.\000S\000t\000r\000u\000c\000t\000u\000r\000e\000\040\000C\000l\000a\000s\000s\000\040\000R\000e\000f\000e\000r\000e\000n\000c\000e}{chapter.3}% 94
\BOOKMARK [2][-]{subsection.3.21.1}{\376\377\0003\000.\0002\0001\000.\0001\000\040\000D\000e\000t\000a\000i\000l\000e\000d\000\040\000D\000e\000s\000c\000r\000i\000p\000t\000i\000o\000n}{section.3.21}% 95
\BOOKMARK [2][-]{subsection.3.21.2}{\376\377\0003\000.\0002\0001\000.\0002\000\040\000M\000e\000m\000b\000e\000r\000\040\000F\000u\000n\000c\000t\000i\000o\000n\000\040\000D\000o\000c\000u\000m\000e\000n\000t\000a\000t\000i\000o\000n}{section.3.21}% 96
\BOOKMARK [3][-]{subsubsection.3.21.2.1}{\376\377\0003\000.\0002\0001\000.\0002\000.\0001\000\040\000f\000r\000o\000m\000\137\000d\000i\000c\000t\000\050\000\051}{subsection.3.21.2}% 97
\BOOKMARK [3][-]{subsubsection.3.21.2.2}{\376\377\0003\000.\0002\0001\000.\0002\000.\0002\000\040\000t\000o\000\137\000d\000i\000c\000t\000\050\000\051}{subsection.3.21.2}% 98
\BOOKMARK [0][-]{section*.58}{\376\377\000I\000n\000d\000e\000x}{}% 99
